ARM GAS  /var/folders/2t/dz2wf36n58l1r0cmb7nl3kb40000gq/T//cc5cucJs.s 			page 1


   1              		.cpu cortex-m0
   2              		.arch armv6s-m
   3              		.fpu softvfp
   4              		.eabi_attribute 20, 1
   5              		.eabi_attribute 21, 1
   6              		.eabi_attribute 23, 3
   7              		.eabi_attribute 24, 1
   8              		.eabi_attribute 25, 1
   9              		.eabi_attribute 26, 1
  10              		.eabi_attribute 30, 1
  11              		.eabi_attribute 34, 0
  12              		.eabi_attribute 18, 4
  13              		.file	"main.c"
  14              		.text
  15              	.Ltext0:
  16              		.cfi_sections	.debug_frame
  17              		.file 1 "Src/main.c"
  18              		.section	.text.LED_init,"ax",%progbits
  19              		.align	1
  20              		.global	LED_init
  21              		.syntax unified
  22              		.code	16
  23              		.thumb_func
  25              	LED_init:
  26              	.LFB43:
   1:Src/main.c    **** 
   2:Src/main.c    **** #include <stdio.h>
   3:Src/main.c    **** #include <stdlib.h>
   4:Src/main.c    **** #include "stm32f0xx.h"
   5:Src/main.c    **** #include "motor.h"
   6:Src/main.c    **** #include <stm32f072xb.h>
   7:Src/main.c    **** 
   8:Src/main.c    **** /* ------------------------------------------------------------------------------------------------
   9:Src/main.c    ****  *  Global Variable Declarations
  10:Src/main.c    ****  *  -----------------------------------------------------------------------------------------------
  11:Src/main.c    ****  */
  12:Src/main.c    **** volatile uint32_t debouncer;
  13:Src/main.c    **** 
  14:Src/main.c    **** /* ------------------------------------------------------------------------------------------------
  15:Src/main.c    ****  *  Miscellaneous Core Functions
  16:Src/main.c    ****  *  -----------------------------------------------------------------------------------------------
  17:Src/main.c    ****  */
  18:Src/main.c    **** 
  19:Src/main.c    **** void LED_init(void) {
  27              		.loc 1 19 21 view -0
  28              		.cfi_startproc
  29              		@ args = 0, pretend = 0, frame = 0
  30              		@ frame_needed = 0, uses_anonymous_args = 0
  31              		@ link register save eliminated.
  20:Src/main.c    ****     // Initialize PC8 and PC9 for LED's
  21:Src/main.c    ****     RCC->AHBENR |= RCC_AHBENR_GPIOCEN;                                          // Enable periphera
  32              		.loc 1 21 5 view .LVU1
  33              		.loc 1 21 8 is_stmt 0 view .LVU2
  34 0000 0D4A     		ldr	r2, .L2
  35 0002 5169     		ldr	r1, [r2, #20]
  36              		.loc 1 21 17 view .LVU3
  37 0004 8023     		movs	r3, #128
ARM GAS  /var/folders/2t/dz2wf36n58l1r0cmb7nl3kb40000gq/T//cc5cucJs.s 			page 2


  38 0006 1B03     		lsls	r3, r3, #12
  39 0008 0B43     		orrs	r3, r1
  40 000a 5361     		str	r3, [r2, #20]
  22:Src/main.c    ****     GPIOC->MODER |= GPIO_MODER_MODER8_0 | GPIO_MODER_MODER9_0;                  // Set PC8 & PC9 to
  41              		.loc 1 22 5 is_stmt 1 view .LVU4
  42              		.loc 1 22 10 is_stmt 0 view .LVU5
  43 000c 0B4B     		ldr	r3, .L2+4
  44 000e 1968     		ldr	r1, [r3]
  45              		.loc 1 22 18 view .LVU6
  46 0010 A022     		movs	r2, #160
  47 0012 D202     		lsls	r2, r2, #11
  48 0014 0A43     		orrs	r2, r1
  49 0016 1A60     		str	r2, [r3]
  23:Src/main.c    ****     GPIOC->OTYPER &= ~(GPIO_OTYPER_OT_8 | GPIO_OTYPER_OT_9);                    // Set to push-pull
  50              		.loc 1 23 5 is_stmt 1 view .LVU7
  51              		.loc 1 23 10 is_stmt 0 view .LVU8
  52 0018 5A68     		ldr	r2, [r3, #4]
  53              		.loc 1 23 19 view .LVU9
  54 001a 0949     		ldr	r1, .L2+8
  55 001c 0A40     		ands	r2, r1
  56 001e 5A60     		str	r2, [r3, #4]
  24:Src/main.c    ****     GPIOC->OSPEEDR &= ~((GPIO_OSPEEDR_OSPEEDR8_0 | GPIO_OSPEEDR_OSPEEDR8_1) |
  57              		.loc 1 24 5 is_stmt 1 view .LVU10
  58              		.loc 1 24 10 is_stmt 0 view .LVU11
  59 0020 9A68     		ldr	r2, [r3, #8]
  60              		.loc 1 24 20 view .LVU12
  61 0022 0848     		ldr	r0, .L2+12
  62 0024 0240     		ands	r2, r0
  63 0026 9A60     		str	r2, [r3, #8]
  25:Src/main.c    ****                         (GPIO_OSPEEDR_OSPEEDR9_0 | GPIO_OSPEEDR_OSPEEDR9_1));   // Set to low speed
  26:Src/main.c    ****     GPIOC->PUPDR &= ~((GPIO_PUPDR_PUPDR8_0 | GPIO_PUPDR_PUPDR8_1) |
  64              		.loc 1 26 5 is_stmt 1 view .LVU13
  65              		.loc 1 26 10 is_stmt 0 view .LVU14
  66 0028 DA68     		ldr	r2, [r3, #12]
  67              		.loc 1 26 18 view .LVU15
  68 002a 0240     		ands	r2, r0
  69 002c DA60     		str	r2, [r3, #12]
  27:Src/main.c    ****                       (GPIO_PUPDR_PUPDR9_0 | GPIO_PUPDR_PUPDR9_1));             // Set to no pull-u
  28:Src/main.c    ****     GPIOC->ODR &= ~(GPIO_ODR_8 | GPIO_ODR_9);                                   // Shut off LED's
  70              		.loc 1 28 5 is_stmt 1 view .LVU16
  71              		.loc 1 28 10 is_stmt 0 view .LVU17
  72 002e 5A69     		ldr	r2, [r3, #20]
  73              		.loc 1 28 16 view .LVU18
  74 0030 0A40     		ands	r2, r1
  75 0032 5A61     		str	r2, [r3, #20]
  29:Src/main.c    **** }
  76              		.loc 1 29 1 view .LVU19
  77              		@ sp needed
  78 0034 7047     		bx	lr
  79              	.L3:
  80 0036 C046     		.align	2
  81              	.L2:
  82 0038 00100240 		.word	1073876992
  83 003c 00080048 		.word	1207961600
  84 0040 FFFCFFFF 		.word	-769
  85 0044 FFFFF0FF 		.word	-983041
  86              		.cfi_endproc
ARM GAS  /var/folders/2t/dz2wf36n58l1r0cmb7nl3kb40000gq/T//cc5cucJs.s 			page 3


  87              	.LFE43:
  89              		.section	.text.button_init,"ax",%progbits
  90              		.align	1
  91              		.global	button_init
  92              		.syntax unified
  93              		.code	16
  94              		.thumb_func
  96              	button_init:
  97              	.LFB44:
  30:Src/main.c    **** 
  31:Src/main.c    **** void  button_init(void) {
  98              		.loc 1 31 25 is_stmt 1 view -0
  99              		.cfi_startproc
 100              		@ args = 0, pretend = 0, frame = 0
 101              		@ frame_needed = 0, uses_anonymous_args = 0
 102              		@ link register save eliminated.
  32:Src/main.c    ****     // Initialize PA0 for button input
  33:Src/main.c    ****     RCC->AHBENR |= RCC_AHBENR_GPIOAEN;                                          // Enable periphera
 103              		.loc 1 33 5 view .LVU21
 104              		.loc 1 33 8 is_stmt 0 view .LVU22
 105 0000 0A4A     		ldr	r2, .L5
 106 0002 5169     		ldr	r1, [r2, #20]
 107              		.loc 1 33 17 view .LVU23
 108 0004 8023     		movs	r3, #128
 109 0006 9B02     		lsls	r3, r3, #10
 110 0008 0B43     		orrs	r3, r1
 111 000a 5361     		str	r3, [r2, #20]
  34:Src/main.c    ****     GPIOA->MODER &= ~(GPIO_MODER_MODER0_0 | GPIO_MODER_MODER0_1);               // Set PA0 to input
 112              		.loc 1 34 5 is_stmt 1 view .LVU24
 113              		.loc 1 34 10 is_stmt 0 view .LVU25
 114 000c 9022     		movs	r2, #144
 115 000e D205     		lsls	r2, r2, #23
 116 0010 1368     		ldr	r3, [r2]
 117              		.loc 1 34 18 view .LVU26
 118 0012 0321     		movs	r1, #3
 119 0014 8B43     		bics	r3, r1
 120 0016 1360     		str	r3, [r2]
  35:Src/main.c    ****     GPIOC->OSPEEDR &= ~(GPIO_OSPEEDR_OSPEEDR0_0 | GPIO_OSPEEDR_OSPEEDR0_1);     // Set to low speed
 121              		.loc 1 35 5 is_stmt 1 view .LVU27
 122              		.loc 1 35 10 is_stmt 0 view .LVU28
 123 0018 054B     		ldr	r3, .L5+4
 124 001a 9A68     		ldr	r2, [r3, #8]
 125              		.loc 1 35 20 view .LVU29
 126 001c 8A43     		bics	r2, r1
 127 001e 9A60     		str	r2, [r3, #8]
  36:Src/main.c    ****     GPIOC->PUPDR |= GPIO_PUPDR_PUPDR0_1;                                        // Set to pull-down
 128              		.loc 1 36 5 is_stmt 1 view .LVU30
 129              		.loc 1 36 10 is_stmt 0 view .LVU31
 130 0020 DA68     		ldr	r2, [r3, #12]
 131              		.loc 1 36 18 view .LVU32
 132 0022 0139     		subs	r1, r1, #1
 133 0024 0A43     		orrs	r2, r1
 134 0026 DA60     		str	r2, [r3, #12]
  37:Src/main.c    **** }
 135              		.loc 1 37 1 view .LVU33
 136              		@ sp needed
 137 0028 7047     		bx	lr
ARM GAS  /var/folders/2t/dz2wf36n58l1r0cmb7nl3kb40000gq/T//cc5cucJs.s 			page 4


 138              	.L6:
 139 002a C046     		.align	2
 140              	.L5:
 141 002c 00100240 		.word	1073876992
 142 0030 00080048 		.word	1207961600
 143              		.cfi_endproc
 144              	.LFE44:
 146              		.section	.text.HAL_SYSTICK_Callback,"ax",%progbits
 147              		.align	1
 148              		.global	HAL_SYSTICK_Callback
 149              		.syntax unified
 150              		.code	16
 151              		.thumb_func
 153              	HAL_SYSTICK_Callback:
 154              	.LFB45:
  38:Src/main.c    **** 
  39:Src/main.c    **** /* Called by SysTick Interrupt
  40:Src/main.c    ****  * Performs button debouncing, changes wave type on button rising edge
  41:Src/main.c    ****  * Updates frequency output from ADC value
  42:Src/main.c    ****  */
  43:Src/main.c    **** void HAL_SYSTICK_Callback(void) {
 155              		.loc 1 43 33 is_stmt 1 view -0
 156              		.cfi_startproc
 157              		@ args = 0, pretend = 0, frame = 0
 158              		@ frame_needed = 0, uses_anonymous_args = 0
 159              		@ link register save eliminated.
  44:Src/main.c    ****     // Remember that this function is called by the SysTick interrupt
  45:Src/main.c    ****     // You can't call any functions in here that use delay
  46:Src/main.c    **** 
  47:Src/main.c    ****     debouncer = (debouncer << 1);
 160              		.loc 1 47 5 view .LVU35
 161              		.loc 1 47 28 is_stmt 0 view .LVU36
 162 0000 154A     		ldr	r2, .L17
 163 0002 1368     		ldr	r3, [r2]
 164 0004 5B00     		lsls	r3, r3, #1
 165              		.loc 1 47 15 view .LVU37
 166 0006 1360     		str	r3, [r2]
  48:Src/main.c    ****     if(GPIOA->IDR & (1 << 0)) {
 167              		.loc 1 48 5 is_stmt 1 view .LVU38
 168              		.loc 1 48 13 is_stmt 0 view .LVU39
 169 0008 9023     		movs	r3, #144
 170 000a DB05     		lsls	r3, r3, #23
 171 000c 1B69     		ldr	r3, [r3, #16]
 172              		.loc 1 48 7 view .LVU40
 173 000e DB07     		lsls	r3, r3, #31
 174 0010 03D5     		bpl	.L8
  49:Src/main.c    ****         debouncer |= 0x1;
 175              		.loc 1 49 9 is_stmt 1 view .LVU41
 176              		.loc 1 49 19 is_stmt 0 view .LVU42
 177 0012 1368     		ldr	r3, [r2]
 178 0014 0121     		movs	r1, #1
 179 0016 0B43     		orrs	r3, r1
 180 0018 1360     		str	r3, [r2]
 181              	.L8:
  50:Src/main.c    ****     }
  51:Src/main.c    **** 
  52:Src/main.c    ****     if(debouncer == 0x7FFFFFFF) {
ARM GAS  /var/folders/2t/dz2wf36n58l1r0cmb7nl3kb40000gq/T//cc5cucJs.s 			page 5


 182              		.loc 1 52 5 is_stmt 1 view .LVU43
 183              		.loc 1 52 18 is_stmt 0 view .LVU44
 184 001a 0F4B     		ldr	r3, .L17
 185 001c 1A68     		ldr	r2, [r3]
 186              		.loc 1 52 7 view .LVU45
 187 001e 0F4B     		ldr	r3, .L17+4
 188 0020 9A42     		cmp	r2, r3
 189 0022 00D0     		beq	.L16
 190              	.L7:
  53:Src/main.c    ****     switch(target_rpm) {
  54:Src/main.c    ****         case 80:
  55:Src/main.c    ****             target_rpm = 50;
  56:Src/main.c    ****             break;
  57:Src/main.c    ****         case 50:
  58:Src/main.c    ****             target_rpm = 81;
  59:Src/main.c    ****             break;
  60:Src/main.c    ****         case 0:
  61:Src/main.c    ****             target_rpm = 80;
  62:Src/main.c    ****             break;
  63:Src/main.c    ****         default:
  64:Src/main.c    ****             target_rpm = 0;
  65:Src/main.c    ****             break;
  66:Src/main.c    ****         }
  67:Src/main.c    ****     }
  68:Src/main.c    **** }
 191              		.loc 1 68 1 view .LVU46
 192              		@ sp needed
 193 0024 7047     		bx	lr
 194              	.L16:
  53:Src/main.c    ****     switch(target_rpm) {
 195              		.loc 1 53 5 is_stmt 1 view .LVU47
 196 0026 0E4B     		ldr	r3, .L17+8
 197 0028 1B88     		ldrh	r3, [r3]
 198 002a 1BB2     		sxth	r3, r3
 199 002c 322B     		cmp	r3, #50
 200 002e 0BD0     		beq	.L10
 201 0030 502B     		cmp	r3, #80
 202 0032 05D0     		beq	.L11
 203 0034 002B     		cmp	r3, #0
 204 0036 0BD0     		beq	.L12
  64:Src/main.c    ****             break;
 205              		.loc 1 64 13 view .LVU48
  64:Src/main.c    ****             break;
 206              		.loc 1 64 24 is_stmt 0 view .LVU49
 207 0038 094B     		ldr	r3, .L17+8
 208 003a 0022     		movs	r2, #0
 209 003c 1A80     		strh	r2, [r3]
  65:Src/main.c    ****         }
 210              		.loc 1 65 13 is_stmt 1 view .LVU50
 211              		.loc 1 68 1 is_stmt 0 view .LVU51
 212 003e F1E7     		b	.L7
 213              	.L11:
  55:Src/main.c    ****             break;
 214              		.loc 1 55 13 is_stmt 1 view .LVU52
  55:Src/main.c    ****             break;
 215              		.loc 1 55 24 is_stmt 0 view .LVU53
 216 0040 074B     		ldr	r3, .L17+8
ARM GAS  /var/folders/2t/dz2wf36n58l1r0cmb7nl3kb40000gq/T//cc5cucJs.s 			page 6


 217 0042 3222     		movs	r2, #50
 218 0044 1A80     		strh	r2, [r3]
  56:Src/main.c    ****         case 50:
 219              		.loc 1 56 13 is_stmt 1 view .LVU54
 220 0046 EDE7     		b	.L7
 221              	.L10:
  58:Src/main.c    ****             break;
 222              		.loc 1 58 13 view .LVU55
  58:Src/main.c    ****             break;
 223              		.loc 1 58 24 is_stmt 0 view .LVU56
 224 0048 054B     		ldr	r3, .L17+8
 225 004a 5122     		movs	r2, #81
 226 004c 1A80     		strh	r2, [r3]
  59:Src/main.c    ****         case 0:
 227              		.loc 1 59 13 is_stmt 1 view .LVU57
 228 004e E9E7     		b	.L7
 229              	.L12:
  61:Src/main.c    ****             break;
 230              		.loc 1 61 13 view .LVU58
  61:Src/main.c    ****             break;
 231              		.loc 1 61 24 is_stmt 0 view .LVU59
 232 0050 034B     		ldr	r3, .L17+8
 233 0052 5022     		movs	r2, #80
 234 0054 1A80     		strh	r2, [r3]
  62:Src/main.c    ****         default:
 235              		.loc 1 62 13 is_stmt 1 view .LVU60
 236 0056 E5E7     		b	.L7
 237              	.L18:
 238              		.align	2
 239              	.L17:
 240 0058 00000000 		.word	debouncer
 241 005c FFFFFF7F 		.word	2147483647
 242 0060 00000000 		.word	target_rpm
 243              		.cfi_endproc
 244              	.LFE45:
 246              		.section	.text.main,"ax",%progbits
 247              		.align	1
 248              		.global	main
 249              		.syntax unified
 250              		.code	16
 251              		.thumb_func
 253              	main:
 254              	.LVL0:
 255              	.LFB46:
  69:Src/main.c    **** 
  70:Src/main.c    **** /* ------------------------------------------------------------------------------------------------
  71:Src/main.c    ****  * Main Program Code
  72:Src/main.c    ****  *
  73:Src/main.c    ****  * Starts initialization of peripherals
  74:Src/main.c    ****  * Blinks green LED (PC9) in loop as heartbeat
  75:Src/main.c    ****  * ------------------------------------------------------------------------------------------------
  76:Src/main.c    ****  */
  77:Src/main.c    **** volatile uint32_t encoder_count = 0;
  78:Src/main.c    **** 
  79:Src/main.c    **** int main(int argc, char* argv[]) {
 256              		.loc 1 79 34 view -0
 257              		.cfi_startproc
ARM GAS  /var/folders/2t/dz2wf36n58l1r0cmb7nl3kb40000gq/T//cc5cucJs.s 			page 7


 258              		@ Volatile: function does not return.
 259              		@ args = 0, pretend = 0, frame = 0
 260              		@ frame_needed = 0, uses_anonymous_args = 0
 261              		.loc 1 79 34 is_stmt 0 view .LVU62
 262 0000 10B5     		push	{r4, lr}
 263              	.LCFI0:
 264              		.cfi_def_cfa_offset 8
 265              		.cfi_offset 4, -8
 266              		.cfi_offset 14, -4
  80:Src/main.c    **** 
  81:Src/main.c    ****     debouncer = 0;                          // Initialize global variables
 267              		.loc 1 81 5 is_stmt 1 view .LVU63
 268              		.loc 1 81 15 is_stmt 0 view .LVU64
 269 0002 0D4B     		ldr	r3, .L21
 270 0004 0022     		movs	r2, #0
 271 0006 1A60     		str	r2, [r3]
  82:Src/main.c    **** 		HAL_Init();															// Initialize HAL
 272              		.loc 1 82 3 is_stmt 1 view .LVU65
 273 0008 FFF7FEFF 		bl	HAL_Init
 274              	.LVL1:
  83:Src/main.c    ****     LED_init();                             // Initialize LED's
 275              		.loc 1 83 5 view .LVU66
 276 000c FFF7FEFF 		bl	LED_init
 277              	.LVL2:
  84:Src/main.c    ****     button_init();                          // Initialize button
 278              		.loc 1 84 5 view .LVU67
 279 0010 FFF7FEFF 		bl	button_init
 280              	.LVL3:
  85:Src/main.c    **** 
  86:Src/main.c    ****     motor_init();                           // Initialize motor code
 281              		.loc 1 86 5 view .LVU68
 282 0014 FFF7FEFF 		bl	motor_init
 283              	.LVL4:
 284              	.L20:
  87:Src/main.c    **** 
  88:Src/main.c    ****     while (1) {
 285              		.loc 1 88 5 view .LVU69
  89:Src/main.c    ****         GPIOC->ODR ^= GPIO_ODR_9;           // Toggle green LED (heartbeat)
 286              		.loc 1 89 9 view .LVU70
 287              		.loc 1 89 14 is_stmt 0 view .LVU71
 288 0018 084A     		ldr	r2, .L21+4
 289 001a 5169     		ldr	r1, [r2, #20]
 290              		.loc 1 89 20 view .LVU72
 291 001c 8023     		movs	r3, #128
 292 001e 9B00     		lsls	r3, r3, #2
 293 0020 4B40     		eors	r3, r1
 294 0022 5361     		str	r3, [r2, #20]
  90:Src/main.c    ****         encoder_count = TIM2->CNT;
 295              		.loc 1 90 9 is_stmt 1 view .LVU73
 296              		.loc 1 90 29 is_stmt 0 view .LVU74
 297 0024 8023     		movs	r3, #128
 298 0026 DB05     		lsls	r3, r3, #23
 299 0028 5A6A     		ldr	r2, [r3, #36]
 300              		.loc 1 90 23 view .LVU75
 301 002a 054B     		ldr	r3, .L21+8
 302 002c 1A60     		str	r2, [r3]
  91:Src/main.c    ****         HAL_Delay(128);                      // Delay 1/8 second
ARM GAS  /var/folders/2t/dz2wf36n58l1r0cmb7nl3kb40000gq/T//cc5cucJs.s 			page 8


 303              		.loc 1 91 9 is_stmt 1 discriminator 1 view .LVU76
 304 002e 8020     		movs	r0, #128
 305 0030 FFF7FEFF 		bl	HAL_Delay
 306              	.LVL5:
  88:Src/main.c    ****         GPIOC->ODR ^= GPIO_ODR_9;           // Toggle green LED (heartbeat)
 307              		.loc 1 88 11 view .LVU77
 308 0034 F0E7     		b	.L20
 309              	.L22:
 310 0036 C046     		.align	2
 311              	.L21:
 312 0038 00000000 		.word	debouncer
 313 003c 00080048 		.word	1207961600
 314 0040 00000000 		.word	encoder_count
 315              		.cfi_endproc
 316              	.LFE46:
 318              		.global	encoder_count
 319              		.section	.bss.encoder_count,"aw",%nobits
 320              		.align	2
 323              	encoder_count:
 324 0000 00000000 		.space	4
 325              		.global	debouncer
 326              		.section	.bss.debouncer,"aw",%nobits
 327              		.align	2
 330              	debouncer:
 331 0000 00000000 		.space	4
 332              		.text
 333              	.Letext0:
 334              		.file 2 "/Applications/ArmGNUToolchain/13.2.Rel1/arm-none-eabi/arm-none-eabi/include/machine/_defa
 335              		.file 3 "/Applications/ArmGNUToolchain/13.2.Rel1/arm-none-eabi/arm-none-eabi/include/sys/_stdint.h
 336              		.file 4 "Drivers/CMSIS/Device/ST/STM32F0xx/Include/stm32f072xb.h"
 337              		.file 5 "Drivers/STM32F0xx_HAL_Driver/Inc/stm32f0xx_hal_def.h"
 338              		.file 6 "Inc/motor.h"
 339              		.file 7 "Drivers/STM32F0xx_HAL_Driver/Inc/stm32f0xx_hal.h"
ARM GAS  /var/folders/2t/dz2wf36n58l1r0cmb7nl3kb40000gq/T//cc5cucJs.s 			page 9


DEFINED SYMBOLS
                            *ABS*:00000000 main.c
/var/folders/2t/dz2wf36n58l1r0cmb7nl3kb40000gq/T//cc5cucJs.s:19     .text.LED_init:00000000 $t
/var/folders/2t/dz2wf36n58l1r0cmb7nl3kb40000gq/T//cc5cucJs.s:25     .text.LED_init:00000000 LED_init
/var/folders/2t/dz2wf36n58l1r0cmb7nl3kb40000gq/T//cc5cucJs.s:82     .text.LED_init:00000038 $d
/var/folders/2t/dz2wf36n58l1r0cmb7nl3kb40000gq/T//cc5cucJs.s:90     .text.button_init:00000000 $t
/var/folders/2t/dz2wf36n58l1r0cmb7nl3kb40000gq/T//cc5cucJs.s:96     .text.button_init:00000000 button_init
/var/folders/2t/dz2wf36n58l1r0cmb7nl3kb40000gq/T//cc5cucJs.s:141    .text.button_init:0000002c $d
/var/folders/2t/dz2wf36n58l1r0cmb7nl3kb40000gq/T//cc5cucJs.s:147    .text.HAL_SYSTICK_Callback:00000000 $t
/var/folders/2t/dz2wf36n58l1r0cmb7nl3kb40000gq/T//cc5cucJs.s:153    .text.HAL_SYSTICK_Callback:00000000 HAL_SYSTICK_Callback
/var/folders/2t/dz2wf36n58l1r0cmb7nl3kb40000gq/T//cc5cucJs.s:240    .text.HAL_SYSTICK_Callback:00000058 $d
/var/folders/2t/dz2wf36n58l1r0cmb7nl3kb40000gq/T//cc5cucJs.s:330    .bss.debouncer:00000000 debouncer
/var/folders/2t/dz2wf36n58l1r0cmb7nl3kb40000gq/T//cc5cucJs.s:247    .text.main:00000000 $t
/var/folders/2t/dz2wf36n58l1r0cmb7nl3kb40000gq/T//cc5cucJs.s:253    .text.main:00000000 main
/var/folders/2t/dz2wf36n58l1r0cmb7nl3kb40000gq/T//cc5cucJs.s:312    .text.main:00000038 $d
/var/folders/2t/dz2wf36n58l1r0cmb7nl3kb40000gq/T//cc5cucJs.s:323    .bss.encoder_count:00000000 encoder_count
/var/folders/2t/dz2wf36n58l1r0cmb7nl3kb40000gq/T//cc5cucJs.s:320    .bss.encoder_count:00000000 $d
/var/folders/2t/dz2wf36n58l1r0cmb7nl3kb40000gq/T//cc5cucJs.s:327    .bss.debouncer:00000000 $d

UNDEFINED SYMBOLS
target_rpm
HAL_Init
motor_init
HAL_Delay
