ARM GAS  /var/folders/2t/dz2wf36n58l1r0cmb7nl3kb40000gq/T//ccoKvTG6.s 			page 1


   1              		.cpu cortex-m0
   2              		.arch armv6s-m
   3              		.fpu softvfp
   4              		.eabi_attribute 20, 1
   5              		.eabi_attribute 21, 1
   6              		.eabi_attribute 23, 3
   7              		.eabi_attribute 24, 1
   8              		.eabi_attribute 25, 1
   9              		.eabi_attribute 26, 1
  10              		.eabi_attribute 30, 1
  11              		.eabi_attribute 34, 0
  12              		.eabi_attribute 18, 4
  13              		.file	"main.c"
  14              		.text
  15              	.Ltext0:
  16              		.cfi_sections	.debug_frame
  17              		.file 1 "Src/main.c"
  18              		.section	.text._Error_Handler,"ax",%progbits
  19              		.align	1
  20              		.global	_Error_Handler
  21              		.syntax unified
  22              		.code	16
  23              		.thumb_func
  25              	_Error_Handler:
  26              	.LFB42:
   1:Src/main.c    **** /**
   2:Src/main.c    ****   *
   3:Src/main.c    ****   * Tenace Crane
   4:Src/main.c    ****   * U0986849
   5:Src/main.c    ****   *
   6:Src/main.c    ****   ******************************************************************************
   7:Src/main.c    ****   * File Name          : main.c
   8:Src/main.c    ****   * Description        : Main program body
   9:Src/main.c    ****   ******************************************************************************
  10:Src/main.c    ****   ** This notice applies to any and all portions of this file
  11:Src/main.c    ****   * that are not between comment pairs USER CODE BEGIN and
  12:Src/main.c    ****   * USER CODE END. Other portions of this file, whether
  13:Src/main.c    ****   * inserted by the user or by software development tools
  14:Src/main.c    ****   * are owned by their respective copyright owners.
  15:Src/main.c    ****   *
  16:Src/main.c    ****   * COPYRIGHT(c) 2018 STMicroelectronics
  17:Src/main.c    ****   *
  18:Src/main.c    ****   * Redistribution and use in source and binary forms, with or without modification,
  19:Src/main.c    ****   * are permitted provided that the following conditions are met:
  20:Src/main.c    ****   *   1. Redistributions of source code must retain the above copyright notice,
  21:Src/main.c    ****   *      this list of conditions and the following disclaimer.
  22:Src/main.c    ****   *   2. Redistributions in binary form must reproduce the above copyright notice,
  23:Src/main.c    ****   *      this list of conditions and the following disclaimer in the documentation
  24:Src/main.c    ****   *      and/or other materials provided with the distribution.
  25:Src/main.c    ****   *   3. Neither the name of STMicroelectronics nor the names of its contributors
  26:Src/main.c    ****   *      may be used to endorse or promote products derived from this software
  27:Src/main.c    ****   *      without specific prior written permission.
  28:Src/main.c    ****   *
  29:Src/main.c    ****   * THIS SOFTWARE IS PROVIDED BY THE COPYRIGHT HOLDERS AND CONTRIBUTORS "AS IS"
  30:Src/main.c    ****   * AND ANY EXPRESS OR IMPLIED WARRANTIES, INCLUDING, BUT NOT LIMITED TO, THE
  31:Src/main.c    ****   * IMPLIED WARRANTIES OF MERCHANTABILITY AND FITNESS FOR A PARTICULAR PURPOSE ARE
  32:Src/main.c    ****   * DISCLAIMED. IN NO EVENT SHALL THE COPYRIGHT HOLDER OR CONTRIBUTORS BE LIABLE
ARM GAS  /var/folders/2t/dz2wf36n58l1r0cmb7nl3kb40000gq/T//ccoKvTG6.s 			page 2


  33:Src/main.c    ****   * FOR ANY DIRECT, INDIRECT, INCIDENTAL, SPECIAL, EXEMPLARY, OR CONSEQUENTIAL
  34:Src/main.c    ****   * DAMAGES (INCLUDING, BUT NOT LIMITED TO, PROCUREMENT OF SUBSTITUTE GOODS OR
  35:Src/main.c    ****   * SERVICES; LOSS OF USE, DATA, OR PROFITS; OR BUSINESS INTERRUPTION) HOWEVER
  36:Src/main.c    ****   * CAUSED AND ON ANY THEORY OF LIABILITY, WHETHER IN CONTRACT, STRICT LIABILITY,
  37:Src/main.c    ****   * OR TORT (INCLUDING NEGLIGENCE OR OTHERWISE) ARISING IN ANY WAY OUT OF THE USE
  38:Src/main.c    ****   * OF THIS SOFTWARE, EVEN IF ADVISED OF THE POSSIBILITY OF SUCH DAMAGE.
  39:Src/main.c    ****   *
  40:Src/main.c    ****   ******************************************************************************
  41:Src/main.c    ****   */
  42:Src/main.c    **** 
  43:Src/main.c    **** /* Includes ------------------------------------------------------------------*/
  44:Src/main.c    **** #include "main.h"
  45:Src/main.c    **** #include "stm32f0xx_hal.h"
  46:Src/main.c    **** void _Error_Handler(char * file, int line);
  47:Src/main.c    **** 
  48:Src/main.c    **** /* USER CODE BEGIN Includes */
  49:Src/main.c    **** 
  50:Src/main.c    **** /* USER CODE END Includes */
  51:Src/main.c    **** 
  52:Src/main.c    **** /* Private variables ---------------------------------------------------------*/
  53:Src/main.c    **** 
  54:Src/main.c    **** /* USER CODE BEGIN PV */
  55:Src/main.c    **** /* Private variables ---------------------------------------------------------*/
  56:Src/main.c    **** 
  57:Src/main.c    **** /* USER CODE END PV */
  58:Src/main.c    **** 
  59:Src/main.c    **** /* Private function prototypes -----------------------------------------------*/
  60:Src/main.c    **** void SystemClock_Config(void);
  61:Src/main.c    **** 
  62:Src/main.c    **** /* USER CODE BEGIN PFP */
  63:Src/main.c    **** /* Private function prototypes -----------------------------------------------*/
  64:Src/main.c    **** 
  65:Src/main.c    **** /* USER CODE END PFP */
  66:Src/main.c    **** 
  67:Src/main.c    **** /* USER CODE BEGIN 0 */
  68:Src/main.c    **** 
  69:Src/main.c    **** /* USER CODE END 0 */
  70:Src/main.c    **** 
  71:Src/main.c    **** int main(void)
  72:Src/main.c    **** {
  73:Src/main.c    ****   SystemClock_Config();
  74:Src/main.c    **** 
  75:Src/main.c    ****   RCC->AHBENR |= RCC_AHBENR_GPIOAEN;
  76:Src/main.c    ****   RCC->AHBENR |= RCC_AHBENR_GPIOCEN;
  77:Src/main.c    **** 
  78:Src/main.c    ****   uint32_t position = 0x00U;
  79:Src/main.c    ****   uint32_t iocurrent = 0x00U;
  80:Src/main.c    ****   uint32_t temp = 0x00U;
  81:Src/main.c    **** 
  82:Src/main.c    ****   // Mode for PC6-PC9 and PA0
  83:Src/main.c    ****   GPIOC->MODER &= ~(1 << 13);
  84:Src/main.c    ****   GPIOC->MODER |= (1 << 12);
  85:Src/main.c    ****   GPIOC->MODER |= (1 << 14);
  86:Src/main.c    ****   GPIOC->MODER &= ~(1 << 15);
  87:Src/main.c    ****   GPIOA->MODER &= ~(1 << 1);
  88:Src/main.c    ****   GPIOA->MODER &= ~(1 << 0);
  89:Src/main.c    **** 
ARM GAS  /var/folders/2t/dz2wf36n58l1r0cmb7nl3kb40000gq/T//ccoKvTG6.s 			page 3


  90:Src/main.c    **** 
  91:Src/main.c    ****   // Type for PC6-PC9 and PA0
  92:Src/main.c    ****   GPIOC->OTYPER &= ~(1 << 6);
  93:Src/main.c    ****   GPIOC->OTYPER &= ~(1 << 7);
  94:Src/main.c    **** 
  95:Src/main.c    ****   GPIOC->OSPEEDR &= ~(1 << 12);
  96:Src/main.c    ****   GPIOC->OSPEEDR &= ~(1 << 13);
  97:Src/main.c    ****   GPIOC->OSPEEDR &= ~(1 << 14);
  98:Src/main.c    ****   GPIOC->OSPEEDR &= ~(1 << 15);
  99:Src/main.c    ****   GPIOA->OSPEEDR &= ~(1 << 0);
 100:Src/main.c    **** 
 101:Src/main.c    ****   GPIOC->PUPDR &= ~(1 << 12);
 102:Src/main.c    ****   GPIOC->PUPDR &= ~(1 << 13);
 103:Src/main.c    ****   GPIOC->PUPDR &= ~(1 << 14);
 104:Src/main.c    ****   GPIOC->PUPDR &= ~(1 << 15);
 105:Src/main.c    ****   GPIOA->PUPDR |= (1 << 1);
 106:Src/main.c    ****   GPIOA->PUPDR &= ~(1 << 0);
 107:Src/main.c    **** 
 108:Src/main.c    ****   GPIOC->ODR |= (1 << 6);
 109:Src/main.c    ****   GPIOC->ODR &= ~(1<<7);
 110:Src/main.c    **** 
 111:Src/main.c    ****   uint32_t debouncer  = 0;
 112:Src/main.c    **** 
 113:Src/main.c    ****   while (1)
 114:Src/main.c    ****   {
 115:Src/main.c    ****     debouncer = (debouncer  << 1);
 116:Src/main.c    **** 
 117:Src/main.c    ****     if(GPIOA->IDR & 1){
 118:Src/main.c    ****       debouncer |= 0x01;
 119:Src/main.c    ****     }
 120:Src/main.c    ****     if(debouncer == 0xFFFFFFFF){
 121:Src/main.c    ****       if(GPIOA->IDR & 1){
 122:Src/main.c    ****         HAL_Delay(100);
 123:Src/main.c    ****         GPIOC->ODR ^= ((1 << 6) | (1<<7));
 124:Src/main.c    ****       }
 125:Src/main.c    ****     }
 126:Src/main.c    ****   }
 127:Src/main.c    **** 
 128:Src/main.c    **** }
 129:Src/main.c    **** 
 130:Src/main.c    **** /** System Clock Configuration
 131:Src/main.c    **** */
 132:Src/main.c    **** void SystemClock_Config(void)
 133:Src/main.c    **** {
 134:Src/main.c    **** 
 135:Src/main.c    ****   RCC_OscInitTypeDef RCC_OscInitStruct;
 136:Src/main.c    ****   RCC_ClkInitTypeDef RCC_ClkInitStruct;
 137:Src/main.c    **** 
 138:Src/main.c    ****     /**Initializes the CPU, AHB and APB busses clocks
 139:Src/main.c    ****     */
 140:Src/main.c    ****   RCC_OscInitStruct.OscillatorType = RCC_OSCILLATORTYPE_HSI;
 141:Src/main.c    ****   RCC_OscInitStruct.HSIState = RCC_HSI_ON;
 142:Src/main.c    ****   RCC_OscInitStruct.HSICalibrationValue = 16;
 143:Src/main.c    ****   RCC_OscInitStruct.PLL.PLLState = RCC_PLL_NONE;
 144:Src/main.c    ****   if (HAL_RCC_OscConfig(&RCC_OscInitStruct) != HAL_OK)
 145:Src/main.c    ****   {
 146:Src/main.c    ****     _Error_Handler(__FILE__, __LINE__);
ARM GAS  /var/folders/2t/dz2wf36n58l1r0cmb7nl3kb40000gq/T//ccoKvTG6.s 			page 4


 147:Src/main.c    ****   }
 148:Src/main.c    **** 
 149:Src/main.c    ****     /**Initializes the CPU, AHB and APB busses clocks
 150:Src/main.c    ****     */
 151:Src/main.c    ****   RCC_ClkInitStruct.ClockType = RCC_CLOCKTYPE_HCLK|RCC_CLOCKTYPE_SYSCLK
 152:Src/main.c    ****                               |RCC_CLOCKTYPE_PCLK1;
 153:Src/main.c    ****   RCC_ClkInitStruct.SYSCLKSource = RCC_SYSCLKSOURCE_HSI;
 154:Src/main.c    ****   RCC_ClkInitStruct.AHBCLKDivider = RCC_SYSCLK_DIV1;
 155:Src/main.c    ****   RCC_ClkInitStruct.APB1CLKDivider = RCC_HCLK_DIV1;
 156:Src/main.c    **** 
 157:Src/main.c    ****   if (HAL_RCC_ClockConfig(&RCC_ClkInitStruct, FLASH_LATENCY_0) != HAL_OK)
 158:Src/main.c    ****   {
 159:Src/main.c    ****     _Error_Handler(__FILE__, __LINE__);
 160:Src/main.c    ****   }
 161:Src/main.c    **** 
 162:Src/main.c    ****     /**Configure the Systick interrupt time
 163:Src/main.c    ****     */
 164:Src/main.c    ****   HAL_SYSTICK_Config(HAL_RCC_GetHCLKFreq()/1000);
 165:Src/main.c    **** 
 166:Src/main.c    ****     /**Configure the Systick
 167:Src/main.c    ****     */
 168:Src/main.c    ****   HAL_SYSTICK_CLKSourceConfig(SYSTICK_CLKSOURCE_HCLK);
 169:Src/main.c    **** 
 170:Src/main.c    ****   /* SysTick_IRQn interrupt configuration */
 171:Src/main.c    ****   HAL_NVIC_SetPriority(SysTick_IRQn, 0, 0);
 172:Src/main.c    **** }
 173:Src/main.c    **** 
 174:Src/main.c    **** /* USER CODE BEGIN 4 */
 175:Src/main.c    **** 
 176:Src/main.c    **** /* USER CODE END 4 */
 177:Src/main.c    **** 
 178:Src/main.c    **** /**
 179:Src/main.c    ****   * @brief  This function is executed in case of error occurrence.
 180:Src/main.c    ****   * @param  None
 181:Src/main.c    ****   * @retval None
 182:Src/main.c    ****   */
 183:Src/main.c    **** void _Error_Handler(char * file, int line)
 184:Src/main.c    **** {
  27              		.loc 1 184 1 view -0
  28              		.cfi_startproc
  29              		@ Volatile: function does not return.
  30              		@ args = 0, pretend = 0, frame = 0
  31              		@ frame_needed = 0, uses_anonymous_args = 0
  32              		@ link register save eliminated.
  33              	.LVL0:
  34              	.L2:
 185:Src/main.c    ****   /* USER CODE BEGIN Error_Handler_Debug */
 186:Src/main.c    ****   /* User can add his own implementation to report the HAL error return state */
 187:Src/main.c    ****   while(1)
  35              		.loc 1 187 3 view .LVU1
 188:Src/main.c    ****   {
 189:Src/main.c    ****   }
  36              		.loc 1 189 3 view .LVU2
 187:Src/main.c    ****   {
  37              		.loc 1 187 8 view .LVU3
  38 0000 FEE7     		b	.L2
  39              		.cfi_endproc
ARM GAS  /var/folders/2t/dz2wf36n58l1r0cmb7nl3kb40000gq/T//ccoKvTG6.s 			page 5


  40              	.LFE42:
  42              		.section	.rodata.SystemClock_Config.str1.4,"aMS",%progbits,1
  43              		.align	2
  44              	.LC0:
  45 0000 5372632F 		.ascii	"Src/main.c\000"
  45      6D61696E 
  45      2E6300
  46              		.global	__aeabi_uidiv
  47              		.section	.text.SystemClock_Config,"ax",%progbits
  48              		.align	1
  49              		.global	SystemClock_Config
  50              		.syntax unified
  51              		.code	16
  52              		.thumb_func
  54              	SystemClock_Config:
  55              	.LFB41:
 133:Src/main.c    **** 
  56              		.loc 1 133 1 view -0
  57              		.cfi_startproc
  58              		@ args = 0, pretend = 0, frame = 72
  59              		@ frame_needed = 0, uses_anonymous_args = 0
  60 0000 00B5     		push	{lr}
  61              	.LCFI0:
  62              		.cfi_def_cfa_offset 4
  63              		.cfi_offset 14, -4
  64 0002 93B0     		sub	sp, sp, #76
  65              	.LCFI1:
  66              		.cfi_def_cfa_offset 80
 135:Src/main.c    ****   RCC_ClkInitTypeDef RCC_ClkInitStruct;
  67              		.loc 1 135 3 view .LVU5
 136:Src/main.c    **** 
  68              		.loc 1 136 3 view .LVU6
 140:Src/main.c    ****   RCC_OscInitStruct.HSIState = RCC_HSI_ON;
  69              		.loc 1 140 3 view .LVU7
 140:Src/main.c    ****   RCC_OscInitStruct.HSIState = RCC_HSI_ON;
  70              		.loc 1 140 36 is_stmt 0 view .LVU8
  71 0004 0223     		movs	r3, #2
  72 0006 0593     		str	r3, [sp, #20]
 141:Src/main.c    ****   RCC_OscInitStruct.HSICalibrationValue = 16;
  73              		.loc 1 141 3 is_stmt 1 view .LVU9
 141:Src/main.c    ****   RCC_OscInitStruct.HSICalibrationValue = 16;
  74              		.loc 1 141 30 is_stmt 0 view .LVU10
  75 0008 013B     		subs	r3, r3, #1
  76 000a 0893     		str	r3, [sp, #32]
 142:Src/main.c    ****   RCC_OscInitStruct.PLL.PLLState = RCC_PLL_NONE;
  77              		.loc 1 142 3 is_stmt 1 view .LVU11
 142:Src/main.c    ****   RCC_OscInitStruct.PLL.PLLState = RCC_PLL_NONE;
  78              		.loc 1 142 41 is_stmt 0 view .LVU12
  79 000c 0F33     		adds	r3, r3, #15
  80 000e 0993     		str	r3, [sp, #36]
 143:Src/main.c    ****   if (HAL_RCC_OscConfig(&RCC_OscInitStruct) != HAL_OK)
  81              		.loc 1 143 3 is_stmt 1 view .LVU13
 143:Src/main.c    ****   if (HAL_RCC_OscConfig(&RCC_OscInitStruct) != HAL_OK)
  82              		.loc 1 143 34 is_stmt 0 view .LVU14
  83 0010 0023     		movs	r3, #0
  84 0012 0E93     		str	r3, [sp, #56]
 144:Src/main.c    ****   {
ARM GAS  /var/folders/2t/dz2wf36n58l1r0cmb7nl3kb40000gq/T//ccoKvTG6.s 			page 6


  85              		.loc 1 144 3 is_stmt 1 view .LVU15
 144:Src/main.c    ****   {
  86              		.loc 1 144 7 is_stmt 0 view .LVU16
  87 0014 05A8     		add	r0, sp, #20
  88 0016 FFF7FEFF 		bl	HAL_RCC_OscConfig
  89              	.LVL1:
 144:Src/main.c    ****   {
  90              		.loc 1 144 6 discriminator 1 view .LVU17
  91 001a 0028     		cmp	r0, #0
  92 001c 1ED1     		bne	.L6
 151:Src/main.c    ****                               |RCC_CLOCKTYPE_PCLK1;
  93              		.loc 1 151 3 is_stmt 1 view .LVU18
 151:Src/main.c    ****                               |RCC_CLOCKTYPE_PCLK1;
  94              		.loc 1 151 31 is_stmt 0 view .LVU19
  95 001e 0723     		movs	r3, #7
  96 0020 0193     		str	r3, [sp, #4]
 153:Src/main.c    ****   RCC_ClkInitStruct.AHBCLKDivider = RCC_SYSCLK_DIV1;
  97              		.loc 1 153 3 is_stmt 1 view .LVU20
 153:Src/main.c    ****   RCC_ClkInitStruct.AHBCLKDivider = RCC_SYSCLK_DIV1;
  98              		.loc 1 153 34 is_stmt 0 view .LVU21
  99 0022 0023     		movs	r3, #0
 100 0024 0293     		str	r3, [sp, #8]
 154:Src/main.c    ****   RCC_ClkInitStruct.APB1CLKDivider = RCC_HCLK_DIV1;
 101              		.loc 1 154 3 is_stmt 1 view .LVU22
 154:Src/main.c    ****   RCC_ClkInitStruct.APB1CLKDivider = RCC_HCLK_DIV1;
 102              		.loc 1 154 35 is_stmt 0 view .LVU23
 103 0026 0393     		str	r3, [sp, #12]
 155:Src/main.c    **** 
 104              		.loc 1 155 3 is_stmt 1 view .LVU24
 155:Src/main.c    **** 
 105              		.loc 1 155 36 is_stmt 0 view .LVU25
 106 0028 0493     		str	r3, [sp, #16]
 157:Src/main.c    ****   {
 107              		.loc 1 157 3 is_stmt 1 view .LVU26
 157:Src/main.c    ****   {
 108              		.loc 1 157 7 is_stmt 0 view .LVU27
 109 002a 0021     		movs	r1, #0
 110 002c 01A8     		add	r0, sp, #4
 111 002e FFF7FEFF 		bl	HAL_RCC_ClockConfig
 112              	.LVL2:
 157:Src/main.c    ****   {
 113              		.loc 1 157 6 discriminator 1 view .LVU28
 114 0032 0028     		cmp	r0, #0
 115 0034 16D1     		bne	.L7
 164:Src/main.c    **** 
 116              		.loc 1 164 3 is_stmt 1 view .LVU29
 164:Src/main.c    **** 
 117              		.loc 1 164 22 is_stmt 0 view .LVU30
 118 0036 FFF7FEFF 		bl	HAL_RCC_GetHCLKFreq
 119              	.LVL3:
 164:Src/main.c    **** 
 120              		.loc 1 164 3 discriminator 1 view .LVU31
 121 003a FA21     		movs	r1, #250
 122 003c 8900     		lsls	r1, r1, #2
 123 003e FFF7FEFF 		bl	__aeabi_uidiv
 124              	.LVL4:
 125 0042 FFF7FEFF 		bl	HAL_SYSTICK_Config
ARM GAS  /var/folders/2t/dz2wf36n58l1r0cmb7nl3kb40000gq/T//ccoKvTG6.s 			page 7


 126              	.LVL5:
 168:Src/main.c    **** 
 127              		.loc 1 168 3 is_stmt 1 view .LVU32
 128 0046 0420     		movs	r0, #4
 129 0048 FFF7FEFF 		bl	HAL_SYSTICK_CLKSourceConfig
 130              	.LVL6:
 171:Src/main.c    **** }
 131              		.loc 1 171 3 view .LVU33
 132 004c 0120     		movs	r0, #1
 133 004e 0022     		movs	r2, #0
 134 0050 0021     		movs	r1, #0
 135 0052 4042     		rsbs	r0, r0, #0
 136 0054 FFF7FEFF 		bl	HAL_NVIC_SetPriority
 137              	.LVL7:
 172:Src/main.c    **** 
 138              		.loc 1 172 1 is_stmt 0 view .LVU34
 139 0058 13B0     		add	sp, sp, #76
 140              		@ sp needed
 141 005a 00BD     		pop	{pc}
 142              	.L6:
 146:Src/main.c    ****   }
 143              		.loc 1 146 5 is_stmt 1 view .LVU35
 144 005c 0348     		ldr	r0, .L8
 145 005e 9221     		movs	r1, #146
 146 0060 FFF7FEFF 		bl	_Error_Handler
 147              	.LVL8:
 148              	.L7:
 159:Src/main.c    ****   }
 149              		.loc 1 159 5 view .LVU36
 150 0064 0148     		ldr	r0, .L8
 151 0066 9F21     		movs	r1, #159
 152 0068 FFF7FEFF 		bl	_Error_Handler
 153              	.LVL9:
 154              	.L9:
 155              		.align	2
 156              	.L8:
 157 006c 00000000 		.word	.LC0
 158              		.cfi_endproc
 159              	.LFE41:
 161              		.section	.text.main,"ax",%progbits
 162              		.align	1
 163              		.global	main
 164              		.syntax unified
 165              		.code	16
 166              		.thumb_func
 168              	main:
 169              	.LFB40:
  72:Src/main.c    ****   SystemClock_Config();
 170              		.loc 1 72 1 view -0
 171              		.cfi_startproc
 172              		@ args = 0, pretend = 0, frame = 0
 173              		@ frame_needed = 0, uses_anonymous_args = 0
 174 0000 F0B5     		push	{r4, r5, r6, r7, lr}
 175              	.LCFI2:
 176              		.cfi_def_cfa_offset 20
 177              		.cfi_offset 4, -20
 178              		.cfi_offset 5, -16
ARM GAS  /var/folders/2t/dz2wf36n58l1r0cmb7nl3kb40000gq/T//ccoKvTG6.s 			page 8


 179              		.cfi_offset 6, -12
 180              		.cfi_offset 7, -8
 181              		.cfi_offset 14, -4
 182 0002 D646     		mov	lr, r10
 183 0004 4F46     		mov	r7, r9
 184 0006 4646     		mov	r6, r8
 185 0008 C0B5     		push	{r6, r7, lr}
 186              	.LCFI3:
 187              		.cfi_def_cfa_offset 32
 188              		.cfi_offset 8, -32
 189              		.cfi_offset 9, -28
 190              		.cfi_offset 10, -24
  73:Src/main.c    **** 
 191              		.loc 1 73 3 view .LVU38
 192 000a FFF7FEFF 		bl	SystemClock_Config
 193              	.LVL10:
  75:Src/main.c    ****   RCC->AHBENR |= RCC_AHBENR_GPIOCEN;
 194              		.loc 1 75 3 view .LVU39
  75:Src/main.c    ****   RCC->AHBENR |= RCC_AHBENR_GPIOCEN;
 195              		.loc 1 75 6 is_stmt 0 view .LVU40
 196 000e 3E4B     		ldr	r3, .L18
 197 0010 5969     		ldr	r1, [r3, #20]
  75:Src/main.c    ****   RCC->AHBENR |= RCC_AHBENR_GPIOCEN;
 198              		.loc 1 75 15 view .LVU41
 199 0012 8022     		movs	r2, #128
 200 0014 9202     		lsls	r2, r2, #10
 201 0016 0A43     		orrs	r2, r1
 202 0018 5A61     		str	r2, [r3, #20]
  76:Src/main.c    **** 
 203              		.loc 1 76 3 is_stmt 1 view .LVU42
  76:Src/main.c    **** 
 204              		.loc 1 76 6 is_stmt 0 view .LVU43
 205 001a 5969     		ldr	r1, [r3, #20]
  76:Src/main.c    **** 
 206              		.loc 1 76 15 view .LVU44
 207 001c 8022     		movs	r2, #128
 208 001e 1203     		lsls	r2, r2, #12
 209 0020 0A43     		orrs	r2, r1
 210 0022 5A61     		str	r2, [r3, #20]
  78:Src/main.c    ****   uint32_t iocurrent = 0x00U;
 211              		.loc 1 78 3 is_stmt 1 view .LVU45
 212              	.LVL11:
  79:Src/main.c    ****   uint32_t temp = 0x00U;
 213              		.loc 1 79 3 view .LVU46
  80:Src/main.c    **** 
 214              		.loc 1 80 3 view .LVU47
  83:Src/main.c    ****   GPIOC->MODER |= (1 << 12);
 215              		.loc 1 83 3 view .LVU48
  83:Src/main.c    ****   GPIOC->MODER |= (1 << 12);
 216              		.loc 1 83 8 is_stmt 0 view .LVU49
 217 0024 394B     		ldr	r3, .L18+4
 218 0026 1A68     		ldr	r2, [r3]
  83:Src/main.c    ****   GPIOC->MODER |= (1 << 12);
 219              		.loc 1 83 16 view .LVU50
 220 0028 3949     		ldr	r1, .L18+8
 221 002a 8C46     		mov	ip, r1
 222 002c 0A40     		ands	r2, r1
ARM GAS  /var/folders/2t/dz2wf36n58l1r0cmb7nl3kb40000gq/T//ccoKvTG6.s 			page 9


 223 002e 1A60     		str	r2, [r3]
  84:Src/main.c    ****   GPIOC->MODER |= (1 << 14);
 224              		.loc 1 84 3 is_stmt 1 view .LVU51
  84:Src/main.c    ****   GPIOC->MODER |= (1 << 14);
 225              		.loc 1 84 8 is_stmt 0 view .LVU52
 226 0030 1968     		ldr	r1, [r3]
  84:Src/main.c    ****   GPIOC->MODER |= (1 << 14);
 227              		.loc 1 84 16 view .LVU53
 228 0032 8022     		movs	r2, #128
 229 0034 5201     		lsls	r2, r2, #5
 230 0036 0A43     		orrs	r2, r1
 231 0038 1A60     		str	r2, [r3]
  85:Src/main.c    ****   GPIOC->MODER &= ~(1 << 15);
 232              		.loc 1 85 3 is_stmt 1 view .LVU54
  85:Src/main.c    ****   GPIOC->MODER &= ~(1 << 15);
 233              		.loc 1 85 8 is_stmt 0 view .LVU55
 234 003a 1968     		ldr	r1, [r3]
  85:Src/main.c    ****   GPIOC->MODER &= ~(1 << 15);
 235              		.loc 1 85 16 view .LVU56
 236 003c 8022     		movs	r2, #128
 237 003e D201     		lsls	r2, r2, #7
 238 0040 0A43     		orrs	r2, r1
 239 0042 1A60     		str	r2, [r3]
  86:Src/main.c    ****   GPIOA->MODER &= ~(1 << 1);
 240              		.loc 1 86 3 is_stmt 1 view .LVU57
  86:Src/main.c    ****   GPIOA->MODER &= ~(1 << 1);
 241              		.loc 1 86 8 is_stmt 0 view .LVU58
 242 0044 1A68     		ldr	r2, [r3]
  86:Src/main.c    ****   GPIOA->MODER &= ~(1 << 1);
 243              		.loc 1 86 16 view .LVU59
 244 0046 334D     		ldr	r5, .L18+12
 245 0048 2A40     		ands	r2, r5
 246 004a 1A60     		str	r2, [r3]
  87:Src/main.c    ****   GPIOA->MODER &= ~(1 << 0);
 247              		.loc 1 87 3 is_stmt 1 view .LVU60
  87:Src/main.c    ****   GPIOA->MODER &= ~(1 << 0);
 248              		.loc 1 87 8 is_stmt 0 view .LVU61
 249 004c 9022     		movs	r2, #144
 250 004e D205     		lsls	r2, r2, #23
 251 0050 1168     		ldr	r1, [r2]
  87:Src/main.c    ****   GPIOA->MODER &= ~(1 << 0);
 252              		.loc 1 87 16 view .LVU62
 253 0052 0227     		movs	r7, #2
 254 0054 B943     		bics	r1, r7
 255 0056 1160     		str	r1, [r2]
  88:Src/main.c    **** 
 256              		.loc 1 88 3 is_stmt 1 view .LVU63
  88:Src/main.c    **** 
 257              		.loc 1 88 8 is_stmt 0 view .LVU64
 258 0058 1168     		ldr	r1, [r2]
  88:Src/main.c    **** 
 259              		.loc 1 88 16 view .LVU65
 260 005a 0120     		movs	r0, #1
 261 005c 8143     		bics	r1, r0
 262 005e 1160     		str	r1, [r2]
  92:Src/main.c    ****   GPIOC->OTYPER &= ~(1 << 7);
 263              		.loc 1 92 3 is_stmt 1 view .LVU66
ARM GAS  /var/folders/2t/dz2wf36n58l1r0cmb7nl3kb40000gq/T//ccoKvTG6.s 			page 10


  92:Src/main.c    ****   GPIOC->OTYPER &= ~(1 << 7);
 264              		.loc 1 92 8 is_stmt 0 view .LVU67
 265 0060 5968     		ldr	r1, [r3, #4]
  92:Src/main.c    ****   GPIOC->OTYPER &= ~(1 << 7);
 266              		.loc 1 92 17 view .LVU68
 267 0062 4026     		movs	r6, #64
 268 0064 B143     		bics	r1, r6
 269 0066 5960     		str	r1, [r3, #4]
  93:Src/main.c    **** 
 270              		.loc 1 93 3 is_stmt 1 view .LVU69
  93:Src/main.c    **** 
 271              		.loc 1 93 8 is_stmt 0 view .LVU70
 272 0068 5968     		ldr	r1, [r3, #4]
  93:Src/main.c    **** 
 273              		.loc 1 93 17 view .LVU71
 274 006a 8024     		movs	r4, #128
 275 006c A246     		mov	r10, r4
 276 006e A143     		bics	r1, r4
 277 0070 5960     		str	r1, [r3, #4]
  95:Src/main.c    ****   GPIOC->OSPEEDR &= ~(1 << 13);
 278              		.loc 1 95 3 is_stmt 1 view .LVU72
  95:Src/main.c    ****   GPIOC->OSPEEDR &= ~(1 << 13);
 279              		.loc 1 95 8 is_stmt 0 view .LVU73
 280 0072 9968     		ldr	r1, [r3, #8]
  95:Src/main.c    ****   GPIOC->OSPEEDR &= ~(1 << 13);
 281              		.loc 1 95 18 view .LVU74
 282 0074 284C     		ldr	r4, .L18+16
 283 0076 A146     		mov	r9, r4
 284 0078 2140     		ands	r1, r4
 285 007a 9960     		str	r1, [r3, #8]
  96:Src/main.c    ****   GPIOC->OSPEEDR &= ~(1 << 14);
 286              		.loc 1 96 3 is_stmt 1 view .LVU75
  96:Src/main.c    ****   GPIOC->OSPEEDR &= ~(1 << 14);
 287              		.loc 1 96 8 is_stmt 0 view .LVU76
 288 007c 9968     		ldr	r1, [r3, #8]
  96:Src/main.c    ****   GPIOC->OSPEEDR &= ~(1 << 14);
 289              		.loc 1 96 18 view .LVU77
 290 007e 6446     		mov	r4, ip
 291 0080 2140     		ands	r1, r4
 292 0082 9960     		str	r1, [r3, #8]
  97:Src/main.c    ****   GPIOC->OSPEEDR &= ~(1 << 15);
 293              		.loc 1 97 3 is_stmt 1 view .LVU78
  97:Src/main.c    ****   GPIOC->OSPEEDR &= ~(1 << 15);
 294              		.loc 1 97 8 is_stmt 0 view .LVU79
 295 0084 9968     		ldr	r1, [r3, #8]
  97:Src/main.c    ****   GPIOC->OSPEEDR &= ~(1 << 15);
 296              		.loc 1 97 18 view .LVU80
 297 0086 254C     		ldr	r4, .L18+20
 298 0088 A046     		mov	r8, r4
 299 008a 2140     		ands	r1, r4
 300 008c 9960     		str	r1, [r3, #8]
  98:Src/main.c    ****   GPIOA->OSPEEDR &= ~(1 << 0);
 301              		.loc 1 98 3 is_stmt 1 view .LVU81
  98:Src/main.c    ****   GPIOA->OSPEEDR &= ~(1 << 0);
 302              		.loc 1 98 8 is_stmt 0 view .LVU82
 303 008e 9968     		ldr	r1, [r3, #8]
  98:Src/main.c    ****   GPIOA->OSPEEDR &= ~(1 << 0);
ARM GAS  /var/folders/2t/dz2wf36n58l1r0cmb7nl3kb40000gq/T//ccoKvTG6.s 			page 11


 304              		.loc 1 98 18 view .LVU83
 305 0090 2940     		ands	r1, r5
 306 0092 9960     		str	r1, [r3, #8]
  99:Src/main.c    **** 
 307              		.loc 1 99 3 is_stmt 1 view .LVU84
  99:Src/main.c    **** 
 308              		.loc 1 99 8 is_stmt 0 view .LVU85
 309 0094 9168     		ldr	r1, [r2, #8]
  99:Src/main.c    **** 
 310              		.loc 1 99 18 view .LVU86
 311 0096 8143     		bics	r1, r0
 312 0098 9160     		str	r1, [r2, #8]
 101:Src/main.c    ****   GPIOC->PUPDR &= ~(1 << 13);
 313              		.loc 1 101 3 is_stmt 1 view .LVU87
 101:Src/main.c    ****   GPIOC->PUPDR &= ~(1 << 13);
 314              		.loc 1 101 8 is_stmt 0 view .LVU88
 315 009a D968     		ldr	r1, [r3, #12]
 101:Src/main.c    ****   GPIOC->PUPDR &= ~(1 << 13);
 316              		.loc 1 101 16 view .LVU89
 317 009c 4C46     		mov	r4, r9
 318 009e 2140     		ands	r1, r4
 319 00a0 D960     		str	r1, [r3, #12]
 102:Src/main.c    ****   GPIOC->PUPDR &= ~(1 << 14);
 320              		.loc 1 102 3 is_stmt 1 view .LVU90
 102:Src/main.c    ****   GPIOC->PUPDR &= ~(1 << 14);
 321              		.loc 1 102 8 is_stmt 0 view .LVU91
 322 00a2 D968     		ldr	r1, [r3, #12]
 102:Src/main.c    ****   GPIOC->PUPDR &= ~(1 << 14);
 323              		.loc 1 102 16 view .LVU92
 324 00a4 6446     		mov	r4, ip
 325 00a6 2140     		ands	r1, r4
 326 00a8 D960     		str	r1, [r3, #12]
 103:Src/main.c    ****   GPIOC->PUPDR &= ~(1 << 15);
 327              		.loc 1 103 3 is_stmt 1 view .LVU93
 103:Src/main.c    ****   GPIOC->PUPDR &= ~(1 << 15);
 328              		.loc 1 103 8 is_stmt 0 view .LVU94
 329 00aa D968     		ldr	r1, [r3, #12]
 103:Src/main.c    ****   GPIOC->PUPDR &= ~(1 << 15);
 330              		.loc 1 103 16 view .LVU95
 331 00ac 4446     		mov	r4, r8
 332 00ae 2140     		ands	r1, r4
 333 00b0 D960     		str	r1, [r3, #12]
 104:Src/main.c    ****   GPIOA->PUPDR |= (1 << 1);
 334              		.loc 1 104 3 is_stmt 1 view .LVU96
 104:Src/main.c    ****   GPIOA->PUPDR |= (1 << 1);
 335              		.loc 1 104 8 is_stmt 0 view .LVU97
 336 00b2 D968     		ldr	r1, [r3, #12]
 104:Src/main.c    ****   GPIOA->PUPDR |= (1 << 1);
 337              		.loc 1 104 16 view .LVU98
 338 00b4 2940     		ands	r1, r5
 339 00b6 D960     		str	r1, [r3, #12]
 105:Src/main.c    ****   GPIOA->PUPDR &= ~(1 << 0);
 340              		.loc 1 105 3 is_stmt 1 view .LVU99
 105:Src/main.c    ****   GPIOA->PUPDR &= ~(1 << 0);
 341              		.loc 1 105 8 is_stmt 0 view .LVU100
 342 00b8 D168     		ldr	r1, [r2, #12]
 105:Src/main.c    ****   GPIOA->PUPDR &= ~(1 << 0);
ARM GAS  /var/folders/2t/dz2wf36n58l1r0cmb7nl3kb40000gq/T//ccoKvTG6.s 			page 12


 343              		.loc 1 105 16 view .LVU101
 344 00ba 3943     		orrs	r1, r7
 345 00bc D160     		str	r1, [r2, #12]
 106:Src/main.c    **** 
 346              		.loc 1 106 3 is_stmt 1 view .LVU102
 106:Src/main.c    **** 
 347              		.loc 1 106 8 is_stmt 0 view .LVU103
 348 00be D168     		ldr	r1, [r2, #12]
 106:Src/main.c    **** 
 349              		.loc 1 106 16 view .LVU104
 350 00c0 8143     		bics	r1, r0
 351 00c2 D160     		str	r1, [r2, #12]
 108:Src/main.c    ****   GPIOC->ODR &= ~(1<<7);
 352              		.loc 1 108 3 is_stmt 1 view .LVU105
 108:Src/main.c    ****   GPIOC->ODR &= ~(1<<7);
 353              		.loc 1 108 8 is_stmt 0 view .LVU106
 354 00c4 5A69     		ldr	r2, [r3, #20]
 108:Src/main.c    ****   GPIOC->ODR &= ~(1<<7);
 355              		.loc 1 108 14 view .LVU107
 356 00c6 3243     		orrs	r2, r6
 357 00c8 5A61     		str	r2, [r3, #20]
 109:Src/main.c    **** 
 358              		.loc 1 109 3 is_stmt 1 view .LVU108
 109:Src/main.c    **** 
 359              		.loc 1 109 8 is_stmt 0 view .LVU109
 360 00ca 5A69     		ldr	r2, [r3, #20]
 109:Src/main.c    **** 
 361              		.loc 1 109 14 view .LVU110
 362 00cc 5146     		mov	r1, r10
 363 00ce 8A43     		bics	r2, r1
 364 00d0 5A61     		str	r2, [r3, #20]
 111:Src/main.c    **** 
 365              		.loc 1 111 3 is_stmt 1 view .LVU111
 366              	.LVL12:
 111:Src/main.c    **** 
 367              		.loc 1 111 12 is_stmt 0 view .LVU112
 368 00d2 0024     		movs	r4, #0
 369 00d4 01E0     		b	.L11
 370              	.LVL13:
 371              	.L12:
 120:Src/main.c    ****       if(GPIOA->IDR & 1){
 372              		.loc 1 120 5 is_stmt 1 view .LVU113
 120:Src/main.c    ****       if(GPIOA->IDR & 1){
 373              		.loc 1 120 7 is_stmt 0 view .LVU114
 374 00d6 631C     		adds	r3, r4, #1
 375 00d8 08D0     		beq	.L17
 376              	.LVL14:
 377              	.L11:
 113:Src/main.c    ****   {
 378              		.loc 1 113 3 is_stmt 1 view .LVU115
 115:Src/main.c    **** 
 379              		.loc 1 115 5 view .LVU116
 115:Src/main.c    **** 
 380              		.loc 1 115 15 is_stmt 0 view .LVU117
 381 00da 6400     		lsls	r4, r4, #1
 382              	.LVL15:
 117:Src/main.c    ****       debouncer |= 0x01;
ARM GAS  /var/folders/2t/dz2wf36n58l1r0cmb7nl3kb40000gq/T//ccoKvTG6.s 			page 13


 383              		.loc 1 117 5 is_stmt 1 view .LVU118
 117:Src/main.c    ****       debouncer |= 0x01;
 384              		.loc 1 117 13 is_stmt 0 view .LVU119
 385 00dc 9023     		movs	r3, #144
 386 00de DB05     		lsls	r3, r3, #23
 387 00e0 1B69     		ldr	r3, [r3, #16]
 117:Src/main.c    ****       debouncer |= 0x01;
 388              		.loc 1 117 7 view .LVU120
 389 00e2 DB07     		lsls	r3, r3, #31
 390 00e4 F7D5     		bpl	.L12
 118:Src/main.c    ****     }
 391              		.loc 1 118 7 is_stmt 1 view .LVU121
 118:Src/main.c    ****     }
 392              		.loc 1 118 17 is_stmt 0 view .LVU122
 393 00e6 0123     		movs	r3, #1
 394 00e8 1C43     		orrs	r4, r3
 395              	.LVL16:
 118:Src/main.c    ****     }
 396              		.loc 1 118 17 view .LVU123
 397 00ea F4E7     		b	.L12
 398              	.L17:
 121:Src/main.c    ****         HAL_Delay(100);
 399              		.loc 1 121 7 is_stmt 1 view .LVU124
 121:Src/main.c    ****         HAL_Delay(100);
 400              		.loc 1 121 15 is_stmt 0 view .LVU125
 401 00ec 9023     		movs	r3, #144
 402 00ee DB05     		lsls	r3, r3, #23
 403 00f0 1B69     		ldr	r3, [r3, #16]
 121:Src/main.c    ****         HAL_Delay(100);
 404              		.loc 1 121 9 view .LVU126
 405 00f2 DB07     		lsls	r3, r3, #31
 406 00f4 F1D5     		bpl	.L11
 122:Src/main.c    ****         GPIOC->ODR ^= ((1 << 6) | (1<<7));
 407              		.loc 1 122 9 is_stmt 1 view .LVU127
 408 00f6 6420     		movs	r0, #100
 409 00f8 FFF7FEFF 		bl	HAL_Delay
 410              	.LVL17:
 123:Src/main.c    ****       }
 411              		.loc 1 123 9 view .LVU128
 123:Src/main.c    ****       }
 412              		.loc 1 123 14 is_stmt 0 view .LVU129
 413 00fc 034A     		ldr	r2, .L18+4
 414 00fe 5369     		ldr	r3, [r2, #20]
 123:Src/main.c    ****       }
 415              		.loc 1 123 20 view .LVU130
 416 0100 C021     		movs	r1, #192
 417 0102 4B40     		eors	r3, r1
 418 0104 5361     		str	r3, [r2, #20]
 419 0106 E8E7     		b	.L11
 420              	.L19:
 421              		.align	2
 422              	.L18:
 423 0108 00100240 		.word	1073876992
 424 010c 00080048 		.word	1207961600
 425 0110 FFDFFFFF 		.word	-8193
 426 0114 FF7FFFFF 		.word	-32769
 427 0118 FFEFFFFF 		.word	-4097
ARM GAS  /var/folders/2t/dz2wf36n58l1r0cmb7nl3kb40000gq/T//ccoKvTG6.s 			page 14


 428 011c FFBFFFFF 		.word	-16385
 429              		.cfi_endproc
 430              	.LFE40:
 432              		.text
 433              	.Letext0:
 434              		.file 2 "Drivers/CMSIS/Device/ST/STM32F0xx/Include/stm32f072xb.h"
 435              		.file 3 "/Applications/ArmGNUToolchain/13.2.Rel1/arm-none-eabi/arm-none-eabi/include/machine/_defa
 436              		.file 4 "/Applications/ArmGNUToolchain/13.2.Rel1/arm-none-eabi/arm-none-eabi/include/sys/_stdint.h
 437              		.file 5 "Drivers/STM32F0xx_HAL_Driver/Inc/stm32f0xx_hal_def.h"
 438              		.file 6 "Drivers/STM32F0xx_HAL_Driver/Inc/stm32f0xx_hal_rcc.h"
 439              		.file 7 "Drivers/STM32F0xx_HAL_Driver/Inc/stm32f0xx_hal_cortex.h"
 440              		.file 8 "Drivers/STM32F0xx_HAL_Driver/Inc/stm32f0xx_hal.h"
ARM GAS  /var/folders/2t/dz2wf36n58l1r0cmb7nl3kb40000gq/T//ccoKvTG6.s 			page 15


DEFINED SYMBOLS
                            *ABS*:00000000 main.c
/var/folders/2t/dz2wf36n58l1r0cmb7nl3kb40000gq/T//ccoKvTG6.s:19     .text._Error_Handler:00000000 $t
/var/folders/2t/dz2wf36n58l1r0cmb7nl3kb40000gq/T//ccoKvTG6.s:25     .text._Error_Handler:00000000 _Error_Handler
/var/folders/2t/dz2wf36n58l1r0cmb7nl3kb40000gq/T//ccoKvTG6.s:43     .rodata.SystemClock_Config.str1.4:00000000 $d
/var/folders/2t/dz2wf36n58l1r0cmb7nl3kb40000gq/T//ccoKvTG6.s:48     .text.SystemClock_Config:00000000 $t
/var/folders/2t/dz2wf36n58l1r0cmb7nl3kb40000gq/T//ccoKvTG6.s:54     .text.SystemClock_Config:00000000 SystemClock_Config
/var/folders/2t/dz2wf36n58l1r0cmb7nl3kb40000gq/T//ccoKvTG6.s:157    .text.SystemClock_Config:0000006c $d
/var/folders/2t/dz2wf36n58l1r0cmb7nl3kb40000gq/T//ccoKvTG6.s:162    .text.main:00000000 $t
/var/folders/2t/dz2wf36n58l1r0cmb7nl3kb40000gq/T//ccoKvTG6.s:168    .text.main:00000000 main
/var/folders/2t/dz2wf36n58l1r0cmb7nl3kb40000gq/T//ccoKvTG6.s:423    .text.main:00000108 $d

UNDEFINED SYMBOLS
__aeabi_uidiv
HAL_RCC_OscConfig
HAL_RCC_ClockConfig
HAL_RCC_GetHCLKFreq
HAL_SYSTICK_Config
HAL_SYSTICK_CLKSourceConfig
HAL_NVIC_SetPriority
HAL_Delay
